{"level":"info","message":"AmenityController.getAllAmenities - Bắt đầu lấy danh sách tiện ích","service":"hotel-booking-api","timestamp":"2025-08-28 10:36:33"}
{"level":"info","message":"AmenityController.getAllAmenities - Lấy thành công 0 tiện ích","service":"hotel-booking-api","timestamp":"2025-08-28 10:36:33"}
{"level":"info","message":"AmenityController.getAllAmenities - Bắt đầu lấy danh sách tiện ích","service":"hotel-booking-api","timestamp":"2025-08-28 10:36:44"}
{"level":"info","message":"AmenityController.getAllAmenities - Lấy thành công 0 tiện ích","service":"hotel-booking-api","timestamp":"2025-08-28 10:36:44"}
{"level":"info","message":"AmenityController.getAllAmenities - Bắt đầu lấy danh sách tiện ích","service":"hotel-booking-api","timestamp":"2025-08-28 10:36:57"}
{"level":"info","message":"AmenityController.getAllAmenities - Lấy thành công 0 tiện ích","service":"hotel-booking-api","timestamp":"2025-08-28 10:36:57"}
{"level":"info","message":"AmenityController.getAllAmenities - Bắt đầu lấy danh sách tiện ích","service":"hotel-booking-api","timestamp":"2025-08-28 10:37:14"}
{"level":"info","message":"AmenityController.getAllAmenities - Lấy thành công 0 tiện ích","service":"hotel-booking-api","timestamp":"2025-08-28 10:37:14"}
{"level":"info","message":"AmenityController.getAllAmenities - Bắt đầu lấy danh sách tiện ích","service":"hotel-booking-api","timestamp":"2025-08-28 10:37:38"}
{"level":"info","message":"AmenityController.getAllAmenities - Lấy thành công 0 tiện ích","service":"hotel-booking-api","timestamp":"2025-08-28 10:37:38"}
{"level":"info","message":"AmenityController.getAllAmenities - Bắt đầu lấy danh sách tiện ích","service":"hotel-booking-api","timestamp":"2025-08-28 10:39:32"}
{"level":"info","message":"AmenityController.getAllAmenities - Lấy thành công 0 tiện ích","service":"hotel-booking-api","timestamp":"2025-08-28 10:39:32"}
{"category":"Tiện ích trong phòng (cá nhân)","icon":"bed","isActive":true,"level":"info","message":"AmenityController.createAmenity - Bắt đầu tạo tiện ích mới:","name":"giường","service":"hotel-booking-api","timestamp":"2025-08-28 10:39:43"}
{"level":"info","message":"AmenityController.createAmenity - Tạo thành công tiện ích: giường","service":"hotel-booking-api","timestamp":"2025-08-28 10:39:43"}
{"level":"info","message":"AmenityController.getAllAmenities - Bắt đầu lấy danh sách tiện ích","service":"hotel-booking-api","timestamp":"2025-08-28 10:39:43"}
{"level":"info","message":"AmenityController.getAllAmenities - Lấy thành công 1 tiện ích","service":"hotel-booking-api","timestamp":"2025-08-28 10:39:43"}
{"category":"Tiện ích trong phòng (cá nhân)","icon":"bed","isActive":true,"level":"info","message":"AmenityController.updateAmenity - Bắt đầu cập nhật tiện ích với ID: 68afcf7f88a86ff05dcb6fe5","name":"Giường ngủ thoải mái","service":"hotel-booking-api","timestamp":"2025-08-28 10:40:11"}
{"level":"info","message":"AmenityController.updateAmenity - Cập nhật thành công tiện ích: Giường ngủ thoải mái","service":"hotel-booking-api","timestamp":"2025-08-28 10:40:11"}
{"level":"info","message":"AmenityController.getAllAmenities - Bắt đầu lấy danh sách tiện ích","service":"hotel-booking-api","timestamp":"2025-08-28 10:40:11"}
{"level":"info","message":"AmenityController.getAllAmenities - Lấy thành công 1 tiện ích","service":"hotel-booking-api","timestamp":"2025-08-28 10:40:11"}
{"level":"info","message":"AmenityController.getAllAmenities - Bắt đầu lấy danh sách tiện ích","service":"hotel-booking-api","timestamp":"2025-08-28 10:46:24"}
{"level":"info","message":"AmenityController.getAllAmenities - Lấy thành công 1 tiện ích","service":"hotel-booking-api","timestamp":"2025-08-28 10:46:24"}
{"level":"info","message":"AmenityController.deleteAmenity - Bắt đầu xóa tiện ích với ID: 68afcf7f88a86ff05dcb6fe5","service":"hotel-booking-api","timestamp":"2025-08-28 10:46:28"}
{"level":"info","message":"AmenityController.deleteAmenity - Xóa thành công tiện ích: Giường ngủ thoải mái","service":"hotel-booking-api","timestamp":"2025-08-28 10:46:29"}
{"level":"info","message":"AmenityController.getAllAmenities - Bắt đầu lấy danh sách tiện ích","service":"hotel-booking-api","timestamp":"2025-08-28 10:46:29"}
{"level":"info","message":"AmenityController.getAllAmenities - Lấy thành công 0 tiện ích","service":"hotel-booking-api","timestamp":"2025-08-28 10:46:29"}
{"level":"info","message":"AmenityController.getAllAmenities - Bắt đầu lấy danh sách tiện ích","service":"hotel-booking-api","timestamp":"2025-08-28 11:13:07"}
{"level":"info","message":"AmenityController.getAllAmenities - Lấy thành công 0 tiện ích","service":"hotel-booking-api","timestamp":"2025-08-28 11:13:07"}
{"level":"info","message":"AmenityController.getAllAmenities - Bắt đầu lấy danh sách tiện ích","service":"hotel-booking-api","timestamp":"2025-08-29 10:52:49"}
{"level":"info","message":"AmenityController.getAllAmenities - Lấy thành công 0 tiện ích","service":"hotel-booking-api","timestamp":"2025-08-29 10:52:49"}
{"level":"info","message":"AmenityController.getAllAmenities - Bắt đầu lấy danh sách tiện ích","service":"hotel-booking-api","timestamp":"2025-08-29 10:53:17"}
{"level":"info","message":"AmenityController.getAllAmenities - Lấy thành công 0 tiện ích","service":"hotel-booking-api","timestamp":"2025-08-29 10:53:17"}
{"level":"info","message":"AmenityController.getAllAmenities - Bắt đầu lấy danh sách tiện ích","service":"hotel-booking-api","timestamp":"2025-08-29 11:15:17"}
{"level":"info","message":"AmenityController.getAllAmenities - Lấy thành công 0 tiện ích","service":"hotel-booking-api","timestamp":"2025-08-29 11:15:17"}
